Unity Editor version:    2020.3.30f1 (1fb1bf06830e)
Branch:                  2020.3/staging
Build type:              Release
Batch mode:              YES
System name:             Linux
Distro version:          #1-NixOS SMP Wed Mar 16 13:23:47 UTC 2022
Kernel version:          5.15.29
Architecture:            x86_64
Available memory:        13908 MB
Using pre-set license
Pro License: NO
Desktop is 1920 x 1080 @ 60 Hz

COMMAND LINE ARGUMENTS:
Unity
-adb2
-batchMode
-noUpm
-name
AssetImportWorker0
-projectPath
/home/ahmed/Documents/pr/Projects/3D FPS
-logFile
Logs/AssetImportWorker0.log
-srvPort
38051
Successfully changed project path to: /home/ahmed/Documents/pr/Projects/3D FPS
/home/ahmed/Documents/pr/Projects/3D FPS
Using Asset Import Pipeline V2.
Refreshing native plugins compatible for Editor in 61.83 ms, found 0 plugins.
Preloading 0 native plugins for Editor in 0.00 ms.
Initialize engine version: 2020.3.30f1 (1fb1bf06830e)
[Subsystems] Discovering subsystems at path /home/ahmed/Unity/Hub/Editor/2020.3.30f1/Editor/Data/Resources/UnitySubsystems
[Subsystems] Discovering subsystems at path /home/ahmed/Documents/pr/Projects/3D FPS/Assets
GLX Extensions: GLX_ARB_create_context GLX_ARB_create_context_no_error GLX_ARB_create_context_profile GLX_ARB_create_context_robustness GLX_ARB_fbconfig_float GLX_ARB_framebuffer_sRGB GLX_ARB_get_proc_address GLX_ARB_multisample GLX_EXT_buffer_age GLX_EXT_create_context_es2_profile GLX_EXT_create_context_es_profile GLX_EXT_fbconfig_packed_float GLX_EXT_framebuffer_sRGB GLX_EXT_import_context GLX_EXT_no_config_context GLX_EXT_swap_control GLX_EXT_swap_control_tear GLX_EXT_texture_from_pixmap GLX_EXT_visual_info GLX_EXT_visual_rating GLX_INTEL_swap_event GLX_MESA_copy_sub_buffer GLX_MESA_query_renderer GLX_MESA_swap_control GLX_OML_swap_method GLX_OML_sync_control GLX_SGIS_multisample GLX_SGIX_fbconfig GLX_SGIX_pbuffer GLX_SGIX_visual_select_group GLX_SGI_make_current_read GLX_SGI_swap_control GLX_SGI_video_sync 
Renderer: AMD RENOIR (DRM 3.42.0, 5.15.29, LLVM 13.0.1)
Vendor:   AMD
Version:  4.6 (Core Profile) Mesa 21.3.7
GLES:     0
 GL_AMD_conservative_depth GL_AMD_depth_clamp_separate GL_AMD_draw_buffers_blend GL_AMD_framebuffer_multisample_advanced GL_AMD_gpu_shader_int64 GL_AMD_multi_draw_indirect GL_AMD_performance_monitor GL_AMD_pinned_memory GL_AMD_query_buffer_object GL_AMD_seamless_cubemap_per_texture GL_AMD_shader_stencil_export GL_AMD_shader_trinary_minmax GL_AMD_texture_texture4 GL_AMD_vertex_shader_layer GL_AMD_vertex_shader_viewport_index GL_ANGLE_texture_compression_dxt3 GL_ANGLE_texture_compression_dxt5 GL_ARB_ES2_compatibility GL_ARB_ES3_1_compatibility GL_ARB_ES3_2_compatibility GL_ARB_ES3_compatibility GL_ARB_arrays_of_arrays GL_ARB_base_instance GL_ARB_bindless_texture GL_ARB_blend_func_extended GL_ARB_buffer_storage GL_ARB_clear_buffer_object GL_ARB_clear_texture GL_ARB_clip_control GL_ARB_color_buffer_float GL_ARB_compressed_texture_pixel_storage GL_ARB_compute_shader GL_ARB_compute_variable_group_size GL_ARB_conditional_render_inverted GL_ARB_conservative_depth GL_ARB_copy_buffer GL_ARB_copy_image GL_ARB_cull_dist
ance GL_ARB_debug_output GL_ARB_depth_buffer_float GL_ARB_depth_clamp GL_ARB_derivative_control GL_ARB_direct_state_access GL_ARB_draw_buffers GL_ARB_draw_buffers_blend GL_ARB_draw_elements_base_vertex GL_ARB_draw_indirect GL_ARB_draw_instanced GL_ARB_enhanced_layouts GL_ARB_explicit_attrib_location GL_ARB_explicit_uniform_location GL_ARB_fragment_coord_conventions GL_ARB_fragment_layer_viewport GL_ARB_fragment_shader GL_ARB_framebuffer_no_attachments GL_ARB_framebuffer_object GL_ARB_framebuffer_sRGB GL_ARB_get_program_binary GL_ARB_get_texture_sub_image GL_ARB_gl_spirv GL_ARB_gpu_shader5 GL_ARB_gpu_shader_fp64 GL_ARB_gpu_shader_int64 GL_ARB_half_float_pixel GL_ARB_half_float_vertex GL_ARB_indirect_parameters GL_ARB_instanced_arrays GL_ARB_internalformat_query GL_ARB_internalformat_query2 GL_ARB_invalidate_subdata GL_ARB_map_buffer_alignment GL_ARB_map_buffer_range GL_ARB_multi_bind GL_ARB_multi_draw_indirect GL_ARB_occlusion_query2 GL_ARB_parallel_shader_compile GL_ARB_pipeline_statistics_query GL_ARB_pixel
_buffer_object GL_ARB_point_sprite GL_ARB_polygon_offset_clamp GL_ARB_program_interface_query GL_ARB_provoking_vertex GL_ARB_query_buffer_object GL_ARB_robust_buffer_access_behavior GL_ARB_robustness GL_ARB_sample_shading GL_ARB_sampler_objects GL_ARB_seamless_cube_map GL_ARB_seamless_cubemap_per_texture GL_ARB_separate_shader_objects GL_ARB_shader_atomic_counter_ops GL_ARB_shader_atomic_counters GL_ARB_shader_ballot GL_ARB_shader_bit_encoding GL_ARB_shader_clock GL_ARB_shader_draw_parameters GL_ARB_shader_group_vote GL_ARB_shader_image_load_store GL_ARB_shader_image_size GL_ARB_shader_objects GL_ARB_shader_precision GL_ARB_shader_stencil_export GL_ARB_shader_storage_buffer_object GL_ARB_shader_subroutine GL_ARB_shader_texture_image_samples GL_ARB_shader_texture_lod GL_ARB_shader_viewport_layer_array GL_ARB_shading_language_420pack GL_ARB_shading_language_include GL_ARB_shading_language_packing GL_ARB_sparse_buffer GL_ARB_spirv_extensions GL_ARB_stencil_texturing GL_ARB_sync GL_ARB_tessellation_shader GL_ARB
_texture_barrier GL_ARB_texture_buffer_object GL_ARB_texture_buffer_object_rgb32 GL_ARB_texture_buffer_range GL_ARB_texture_compression_bptc GL_ARB_texture_compression_rgtc GL_ARB_texture_cube_map_array GL_ARB_texture_filter_anisotropic GL_ARB_texture_float GL_ARB_texture_gather GL_ARB_texture_mirror_clamp_to_edge GL_ARB_texture_multisample GL_ARB_texture_non_power_of_two GL_ARB_texture_query_levels GL_ARB_texture_query_lod GL_ARB_texture_rectangle GL_ARB_texture_rg GL_ARB_texture_rgb10_a2ui GL_ARB_texture_stencil8 GL_ARB_texture_storage GL_ARB_texture_storage_multisample GL_ARB_texture_swizzle GL_ARB_texture_view GL_ARB_timer_query GL_ARB_transform_feedback2 GL_ARB_transform_feedback3 GL_ARB_transform_feedback_instanced GL_ARB_transform_feedback_overflow_query GL_ARB_uniform_buffer_object GL_ARB_vertex_array_bgra GL_ARB_vertex_array_object GL_ARB_vertex_attrib_64bit GL_ARB_vertex_attrib_binding GL_ARB_vertex_buffer_object GL_ARB_vertex_shader GL_ARB_vertex_type_10f_11f_11f_rev GL_ARB_vertex_type_2_10_10_10_
rev GL_ARB_viewport_array GL_ATI_blend_equation_separate GL_ATI_meminfo GL_ATI_texture_float GL_ATI_texture_mirror_once GL_EXT_EGL_image_storage GL_EXT_EGL_sync GL_EXT_abgr GL_EXT_blend_equation_separate GL_EXT_demote_to_helper_invocation GL_EXT_depth_bounds_test GL_EXT_draw_buffers2 GL_EXT_draw_instanced GL_EXT_framebuffer_blit GL_EXT_framebuffer_multisample GL_EXT_framebuffer_multisample_blit_scaled GL_EXT_framebuffer_object GL_EXT_framebuffer_sRGB GL_EXT_memory_object GL_EXT_memory_object_fd GL_EXT_packed_depth_stencil GL_EXT_packed_float GL_EXT_pixel_buffer_object GL_EXT_polygon_offset_clamp GL_EXT_provoking_vertex GL_EXT_semaphore GL_EXT_semaphore_fd GL_EXT_shader_image_load_formatted GL_EXT_shader_image_load_store GL_EXT_shader_integer_mix GL_EXT_shader_samples_identical GL_EXT_texture_array GL_EXT_texture_compression_dxt1 GL_EXT_texture_compression_rgtc GL_EXT_texture_compression_s3tc GL_EXT_texture_filter_anisotropic GL_EXT_texture_integer GL_EXT_texture_mirror_clamp GL_EXT_texture_sRGB GL_EXT_textur
e_sRGB_R8 GL_EXT_texture_sRGB_decode GL_EXT_texture_shadow_lod GL_EXT_texture_shared_exponent GL_EXT_texture_snorm GL_EXT_texture_swizzle GL_EXT_timer_query GL_EXT_transform_feedback GL_EXT_vertex_array_bgra GL_EXT_vertex_attrib_64bit GL_EXT_window_rectangles GL_IBM_multimode_draw_arrays GL_INTEL_blackhole_render GL_KHR_blend_equation_advanced GL_KHR_context_flush_control GL_KHR_debug GL_KHR_no_error GL_KHR_parallel_shader_compile GL_KHR_robust_buffer_access_behavior GL_KHR_robustness GL_KHR_texture_compression_astc_ldr GL_KHR_texture_compression_astc_sliced_3d GL_MESA_framebuffer_flip_y GL_MESA_pack_invert GL_MESA_shader_integer_functions GL_MESA_texture_signed_rgba GL_NVX_gpu_memory_info GL_NV_alpha_to_coverage_dither_control GL_NV_compute_shader_derivatives GL_NV_conditional_render GL_NV_copy_image GL_NV_depth_clamp GL_NV_packed_depth_stencil GL_NV_shader_atomic_int64 GL_NV_texture_barrier GL_NV_vdpau_interop GL_OES_EGL_image GL_S3_s3tc
OPENGL LOG: Creating OpenGL 4.6 graphics device ; Context level  <OpenGL 4.5> ; Context handle -1999389808
Initialize mono
Mono path[0] = '/home/ahmed/Unity/Hub/Editor/2020.3.30f1/Editor/Data/Managed'
Mono path[1] = '/home/ahmed/Unity/Hub/Editor/2020.3.30f1/Editor/Data/MonoBleedingEdge/lib/mono/unityjit'
Mono config path = '/home/ahmed/Unity/Hub/Editor/2020.3.30f1/Editor/Data/MonoBleedingEdge/etc'
Using monoOptions --debugger-agent=transport=dt_socket,embedding=1,server=y,suspend=n,address=127.0.0.1:56126
Begin MonoManager ReloadAssembly
Registering precompiled unity dll's ...
Register platform support module: /home/ahmed/Unity/Hub/Editor/2020.3.30f1/Editor/Data/PlaybackEngines/WebGLSupport/UnityEditor.WebGL.Extensions.dll
Register platform support module: /home/ahmed/Unity/Hub/Editor/2020.3.30f1/Editor/Data/PlaybackEngines/MacStandaloneSupport/UnityEditor.OSXStandalone.Extensions.dll
Register platform support module: /home/ahmed/Unity/Hub/Editor/2020.3.30f1/Editor/Data/PlaybackEngines/WindowsStandaloneSupport/UnityEditor.WindowsStandalone.Extensions.dll
Register platform support module: /home/ahmed/Unity/Hub/Editor/2020.3.30f1/Editor/Data/PlaybackEngines/LinuxStandaloneSupport/UnityEditor.LinuxStandalone.Extensions.dll
Registered in 0.001242 seconds.
Native extension for LinuxStandalone target not found
Native extension for WindowsStandalone target not found
Native extension for OSXStandalone target not found
Native extension for WebGL target not found
Refreshing native plugins compatible for Editor in 61.28 ms, found 0 plugins.
Preloading 0 native plugins for Editor in 0.00 ms.
Mono: successfully reloaded assembly
- Completed reload, in  0.712 seconds
Domain Reload Profiling:
	ReloadAssembly (712ms)
		BeginReloadAssembly (60ms)
			ExecutionOrderSort (0ms)
			DisableScriptedObjects (0ms)
			BackupInstance (0ms)
			ReleaseScriptingObjects (0ms)
			CreateAndSetChildDomain (2ms)
		EndReloadAssembly (583ms)
			LoadAssemblies (58ms)
			RebuildTransferFunctionScriptingTraits (0ms)
			SetupTypeCache (130ms)
			ReleaseScriptCaches (0ms)
			RebuildScriptCaches (31ms)
			SetupLoadedEditorAssemblies (296ms)
				LogAssemblyErrors (0ms)
				InitializePlatformSupportModulesInManaged (11ms)
				SetLoadedEditorAssemblies (0ms)
				RefreshPlugins (61ms)
				BeforeProcessingInitializeOnLoad (14ms)
				ProcessInitializeOnLoadAttributes (163ms)
				ProcessInitializeOnLoadMethodAttributes (46ms)
				AfterProcessingInitializeOnLoad (0ms)
				EditorAssembliesLoaded (0ms)
			ExecutionOrderSort2 (0ms)
			AwakeInstancesAfterBackupRestoration (0ms)
Platform modules already initialized, skipping
Registering precompiled user dll's ...
Registered in 0.002057 seconds.
Begin MonoManager ReloadAssembly
Native extension for LinuxStandalone target not found
Native extension for WindowsStandalone target not found
Native extension for OSXStandalone target not found
Native extension for WebGL target not found
Refreshing native plugins compatible for Editor in 78.48 ms, found 0 plugins.
Preloading 0 native plugins for Editor in 0.00 ms.
Mono: successfully reloaded assembly
- Completed reload, in  1.586 seconds
Domain Reload Profiling:
	ReloadAssembly (1587ms)
		BeginReloadAssembly (153ms)
			ExecutionOrderSort (0ms)
			DisableScriptedObjects (9ms)
			BackupInstance (0ms)
			ReleaseScriptingObjects (0ms)
			CreateAndSetChildDomain (25ms)
		EndReloadAssembly (1374ms)
			LoadAssemblies (117ms)
			RebuildTransferFunctionScriptingTraits (0ms)
			SetupTypeCache (328ms)
			ReleaseScriptCaches (0ms)
			RebuildScriptCaches (68ms)
			SetupLoadedEditorAssemblies (696ms)
				LogAssemblyErrors (0ms)
				InitializePlatformSupportModulesInManaged (23ms)
				SetLoadedEditorAssemblies (0ms)
				RefreshPlugins (79ms)
				BeforeProcessingInitializeOnLoad (111ms)
				ProcessInitializeOnLoadAttributes (461ms)
				ProcessInitializeOnLoadMethodAttributes (18ms)
				AfterProcessingInitializeOnLoad (3ms)
				EditorAssembliesLoaded (0ms)
			ExecutionOrderSort2 (0ms)
			AwakeInstancesAfterBackupRestoration (13ms)
Platform modules already initialized, skipping
========================================================================
Worker process is ready to serve import requests
Launched and connected shader compiler UnityShaderCompiler after 0.02 seconds
Refreshing native plugins compatible for Editor in 0.78 ms, found 0 plugins.
Preloading 0 native plugins for Editor in 0.00 ms.
Unloading 3267 Unused Serialized files (Serialized files now loaded: 0)
System memory in use before: 161.1 MB.
System memory in use after: 161.3 MB.

Unloading 19 unused Assets to reduce memory usage. Loaded Objects now: 3731.
Total: 8.127150 ms (FindLiveObjects: 0.409758 ms CreateObjectMapping: 0.548673 ms MarkObjects: 6.997887 ms  DeleteObjects: 0.162730 ms)

AssetImportParameters requested are different than current active one (requested -> active):
  custom:video-decoder-ogg-theora: a1e56fd34408186e4bbccfd4996cb3dc -> 
  custom:container-muxer-webm: aa71ff27fc2769a1b78a27578f13a17b -> 
  custom:container-demuxer-webm: 4f35f7cbe854078d1ac9338744f61a02 -> 
  custom:container-demuxer-ogg: 62fdf1f143b41e24485cea50d1cbac27 -> 
  custom:video-encoder-webm-vp8: eb34c28f22e8b96e1ab97ce403110664 -> 
  custom:video-decoder-webm-vp8: 9c59270c3fd7afecdb556c50c9e8de78 -> 
  custom:audio-decoder-ogg-vorbis: bf7c407c2cedff20999df2af8eb42d56 -> 
  custom:audio-encoder-webm-vorbis: bf7c407c2cedff20999df2af8eb42d56 -> 
========================================================================
Received Import Request.
  path: Assets/_Scenes/MiniLevel4.unity
  artifactKey: Guid(152efe575a50079bc8d938f106818698) Importer(815301076,1909f56bfc062723c751e8b465ee728b)
Start importing Assets/_Scenes/MiniLevel4.unity using Guid(152efe575a50079bc8d938f106818698) Importer(815301076,1909f56bfc062723c751e8b465ee728b)  -> (artifact id: 'b336ff5da86e3e8bb457943abe93b3f8') in 0.023401 seconds 
========================================================================
Received Import Request.
  Time since last request: 52.302655 seconds.
  path: Assets/_Scenes/Level1.unity
  artifactKey: Guid(b42bfc5876c35e6879a57ee24c7292bc) Importer(815301076,1909f56bfc062723c751e8b465ee728b)
Start importing Assets/_Scenes/Level1.unity using Guid(b42bfc5876c35e6879a57ee24c7292bc) Importer(815301076,1909f56bfc062723c751e8b465ee728b)  -> (artifact id: '20d7801ec1d41f55cc4c7601cd84e88c') in 0.001301 seconds 
========================================================================
Received Import Request.
  Time since last request: 971.368485 seconds.
  path: Assets/_Scenes/MiniLevel4.unity
  artifactKey: Guid(152efe575a50079bc8d938f106818698) Importer(815301076,1909f56bfc062723c751e8b465ee728b)
Start importing Assets/_Scenes/MiniLevel4.unity using Guid(152efe575a50079bc8d938f106818698) Importer(815301076,1909f56bfc062723c751e8b465ee728b)  -> (artifact id: 'bd70f0efe3b057e2fa493a5ad6bf633b') in 0.003333 seconds 
========================================================================
Received Import Request.
  Time since last request: 208.671640 seconds.
  path: Assets/_Scenes/MiniLevel3.unity
  artifactKey: Guid(6e6613659ce539b348931d92ced7cbbf) Importer(815301076,1909f56bfc062723c751e8b465ee728b)
Start importing Assets/_Scenes/MiniLevel3.unity using Guid(6e6613659ce539b348931d92ced7cbbf) Importer(815301076,1909f56bfc062723c751e8b465ee728b)  -> (artifact id: 'f5780cb208fcce6f180de1c8c7557043') in 0.001191 seconds 
========================================================================
Received Import Request.
  Time since last request: 242.793429 seconds.
  path: Assets/_Scenes/MiniLevel2.unity
  artifactKey: Guid(47c4f69bfd4370899afcf47884e27b8f) Importer(815301076,1909f56bfc062723c751e8b465ee728b)
Start importing Assets/_Scenes/MiniLevel2.unity using Guid(47c4f69bfd4370899afcf47884e27b8f) Importer(815301076,1909f56bfc062723c751e8b465ee728b)  -> (artifact id: '2fc06eeecfadbb8e21986d9233b16d2b') in 0.002250 seconds 
========================================================================
Received Import Request.
  Time since last request: 245.324470 seconds.
  path: Assets/_Scenes/MiniLevel3.unity
  artifactKey: Guid(6e6613659ce539b348931d92ced7cbbf) Importer(815301076,1909f56bfc062723c751e8b465ee728b)
Start importing Assets/_Scenes/MiniLevel3.unity using Guid(6e6613659ce539b348931d92ced7cbbf) Importer(815301076,1909f56bfc062723c751e8b465ee728b)  -> (artifact id: '809f10818db0c2e6fc60f1a28e1333bd') in 0.001089 seconds 
========================================================================
Received Import Request.
  Time since last request: 1.915854 seconds.
  path: Assets/_Scenes/MiniLevel4.unity
  artifactKey: Guid(152efe575a50079bc8d938f106818698) Importer(815301076,1909f56bfc062723c751e8b465ee728b)
Start importing Assets/_Scenes/MiniLevel4.unity using Guid(152efe575a50079bc8d938f106818698) Importer(815301076,1909f56bfc062723c751e8b465ee728b)  -> (artifact id: 'c7228d42cd6d3b63f6577f4712359015') in 0.001384 seconds 
========================================================================
Received Import Request.
  Time since last request: 56.728440 seconds.
  path: Assets/Prefabs/Pickups/Guns/ElectroGunPickup .prefab
  artifactKey: Guid(98b5a63ee7233874d90c432821c9bd06) Importer(815301076,1909f56bfc062723c751e8b465ee728b)
Start importing Assets/Prefabs/Pickups/Guns/ElectroGunPickup .prefab using Guid(98b5a63ee7233874d90c432821c9bd06) Importer(815301076,1909f56bfc062723c751e8b465ee728b)  -> (artifact id: 'e3c179b0b4382e3dc9c8ef77e49a1eaf') in 0.315540 seconds 
========================================================================
Received Import Request.
  Time since last request: 15.057347 seconds.
  path: Assets/Prefabs/Pickups/Guns/ElectroGunPickup .prefab
  artifactKey: Guid(98b5a63ee7233874d90c432821c9bd06) Importer(815301076,1909f56bfc062723c751e8b465ee728b)
Start importing Assets/Prefabs/Pickups/Guns/ElectroGunPickup .prefab using Guid(98b5a63ee7233874d90c432821c9bd06) Importer(815301076,1909f56bfc062723c751e8b465ee728b)  -> (artifact id: 'f1f6bd6b537d9072744c75692892e76b') in 0.009503 seconds 
========================================================================
Received Import Request.
  Time since last request: 36.800757 seconds.
  path: Assets/Prefabs/Pickups/Guns/ElectroGunPickup .prefab
  artifactKey: Guid(98b5a63ee7233874d90c432821c9bd06) Importer(815301076,1909f56bfc062723c751e8b465ee728b)
Start importing Assets/Prefabs/Pickups/Guns/ElectroGunPickup .prefab using Guid(98b5a63ee7233874d90c432821c9bd06) Importer(815301076,1909f56bfc062723c751e8b465ee728b)  -> (artifact id: '294be70cce32d8d6d9f33deb375958aa') in 0.011714 seconds 
========================================================================
Received Import Request.
  Time since last request: 2.995932 seconds.
  path: Assets/Prefabs/Pickups/Guns/Upgrades/ElectroGunUpgradePickup.prefab
  artifactKey: Guid(8d977651cc09ae6378745b003514d966) Importer(815301076,1909f56bfc062723c751e8b465ee728b)
Start importing Assets/Prefabs/Pickups/Guns/Upgrades/ElectroGunUpgradePickup.prefab using Guid(8d977651cc09ae6378745b003514d966) Importer(815301076,1909f56bfc062723c751e8b465ee728b)  -> (artifact id: '494c91e830afc352d4c88e278723c784') in 0.013682 seconds 
========================================================================
Received Import Request.
  Time since last request: 5.232182 seconds.
  path: Assets/Prefabs/Pickups/Guns/Upgrades/ElectroGunUpgradePickup.prefab
  artifactKey: Guid(8d977651cc09ae6378745b003514d966) Importer(815301076,1909f56bfc062723c751e8b465ee728b)
Start importing Assets/Prefabs/Pickups/Guns/Upgrades/ElectroGunUpgradePickup.prefab using Guid(8d977651cc09ae6378745b003514d966) Importer(815301076,1909f56bfc062723c751e8b465ee728b)  -> (artifact id: '9aba7b517cbb1a137b337dc2eb9fab04') in 0.010071 seconds 
========================================================================
Received Import Request.
  Time since last request: 3.653568 seconds.
  path: Assets/Prefabs/Pickups/Guns/Upgrades/ElectroGunUpgradePickup.prefab
  artifactKey: Guid(8d977651cc09ae6378745b003514d966) Importer(815301076,1909f56bfc062723c751e8b465ee728b)
Start importing Assets/Prefabs/Pickups/Guns/Upgrades/ElectroGunUpgradePickup.prefab using Guid(8d977651cc09ae6378745b003514d966) Importer(815301076,1909f56bfc062723c751e8b465ee728b)  -> (artifact id: 'bea6003dda0fcefddab0e16a47773b48') in 0.011084 seconds 
========================================================================
Received Import Request.
  Time since last request: 10.800453 seconds.
  path: Assets/Prefabs/Pickups/Guns/Upgrades/ElectroGunUpgradePickup.prefab
  artifactKey: Guid(8d977651cc09ae6378745b003514d966) Importer(815301076,1909f56bfc062723c751e8b465ee728b)
Start importing Assets/Prefabs/Pickups/Guns/Upgrades/ElectroGunUpgradePickup.prefab using Guid(8d977651cc09ae6378745b003514d966) Importer(815301076,1909f56bfc062723c751e8b465ee728b)  -> (artifact id: '4adb12a488bd04ac9f1be7066f9644d3') in 0.010269 seconds 
========================================================================
Received Import Request.
  Time since last request: 7.315684 seconds.
  path: Assets/Prefabs/Pickups/Guns/ElectroGunPickup .prefab
  artifactKey: Guid(98b5a63ee7233874d90c432821c9bd06) Importer(815301076,1909f56bfc062723c751e8b465ee728b)
Start importing Assets/Prefabs/Pickups/Guns/ElectroGunPickup .prefab using Guid(98b5a63ee7233874d90c432821c9bd06) Importer(815301076,1909f56bfc062723c751e8b465ee728b)  -> (artifact id: '2c95e750ad88600d0781dc6ad6ee5870') in 0.010605 seconds 
========================================================================
Received Import Request.
  Time since last request: 41.214079 seconds.
  path: Assets/Prefabs/Pickups/Guns/ShotgunPickup.prefab
  artifactKey: Guid(54389e92a4795b1b49afebd03e92bb37) Importer(815301076,1909f56bfc062723c751e8b465ee728b)
Start importing Assets/Prefabs/Pickups/Guns/ShotgunPickup.prefab using Guid(54389e92a4795b1b49afebd03e92bb37) Importer(815301076,1909f56bfc062723c751e8b465ee728b)  -> (artifact id: '98233ff4e48aec01dedec49eea087ee4') in 0.009551 seconds 
========================================================================
Received Import Request.
  Time since last request: 4.425506 seconds.
  path: Assets/Prefabs/Pickups/Guns/ShotgunPickup.prefab
  artifactKey: Guid(54389e92a4795b1b49afebd03e92bb37) Importer(815301076,1909f56bfc062723c751e8b465ee728b)
Start importing Assets/Prefabs/Pickups/Guns/ShotgunPickup.prefab using Guid(54389e92a4795b1b49afebd03e92bb37) Importer(815301076,1909f56bfc062723c751e8b465ee728b)  -> (artifact id: '2aa89ec75056906d09953f77db3fd7d2') in 0.009577 seconds 
========================================================================
Received Import Request.
  Time since last request: 2.820884 seconds.
  path: Assets/Prefabs/Pickups/Guns/ShotgunPickup.prefab
  artifactKey: Guid(54389e92a4795b1b49afebd03e92bb37) Importer(815301076,1909f56bfc062723c751e8b465ee728b)
Start importing Assets/Prefabs/Pickups/Guns/ShotgunPickup.prefab using Guid(54389e92a4795b1b49afebd03e92bb37) Importer(815301076,1909f56bfc062723c751e8b465ee728b)  -> (artifact id: '096e70ab2aea5eba25a969c46b17bf5a') in 0.009201 seconds 
========================================================================
Received Import Request.
  Time since last request: 2.752689 seconds.
  path: Assets/Prefabs/Pickups/Guns/ShotgunPickup.prefab
  artifactKey: Guid(54389e92a4795b1b49afebd03e92bb37) Importer(815301076,1909f56bfc062723c751e8b465ee728b)
Start importing Assets/Prefabs/Pickups/Guns/ShotgunPickup.prefab using Guid(54389e92a4795b1b49afebd03e92bb37) Importer(815301076,1909f56bfc062723c751e8b465ee728b)  -> (artifact id: '2b9e705c7911fc83791383077c6bb51f') in 0.010823 seconds 
========================================================================
Received Import Request.
  Time since last request: 3.464704 seconds.
  path: Assets/Prefabs/Pickups/Guns/Upgrades/ShotgunUpgrade1Pickup.prefab
  artifactKey: Guid(25f6d05fba3b930d09b8d76ff8845094) Importer(815301076,1909f56bfc062723c751e8b465ee728b)
Start importing Assets/Prefabs/Pickups/Guns/Upgrades/ShotgunUpgrade1Pickup.prefab using Guid(25f6d05fba3b930d09b8d76ff8845094) Importer(815301076,1909f56bfc062723c751e8b465ee728b)  -> (artifact id: 'b9011880280753ef70a28933420cd9ae') in 0.012321 seconds 
========================================================================
Received Import Request.
  Time since last request: 7.424244 seconds.
  path: Assets/Prefabs/Pickups/Guns/Upgrades/ShotgunUpgrade1Pickup.prefab
  artifactKey: Guid(25f6d05fba3b930d09b8d76ff8845094) Importer(815301076,1909f56bfc062723c751e8b465ee728b)
Start importing Assets/Prefabs/Pickups/Guns/Upgrades/ShotgunUpgrade1Pickup.prefab using Guid(25f6d05fba3b930d09b8d76ff8845094) Importer(815301076,1909f56bfc062723c751e8b465ee728b)  -> (artifact id: 'b035401b1f448cfd3dabf939ec7de4c4') in 0.011543 seconds 
========================================================================
Received Import Request.
  Time since last request: 11.757566 seconds.
  path: Assets/Prefabs/Pickups/Guns/Upgrades/ShotgunUpgrade1Pickup.prefab
  artifactKey: Guid(25f6d05fba3b930d09b8d76ff8845094) Importer(815301076,1909f56bfc062723c751e8b465ee728b)
Start importing Assets/Prefabs/Pickups/Guns/Upgrades/ShotgunUpgrade1Pickup.prefab using Guid(25f6d05fba3b930d09b8d76ff8845094) Importer(815301076,1909f56bfc062723c751e8b465ee728b)  -> (artifact id: '486ba4a7cbd672f6b40020db0cfecbce') in 0.011676 seconds 
========================================================================
Received Import Request.
  Time since last request: 3.231966 seconds.
  path: Assets/Prefabs/Pickups/Guns/Upgrades/ShotgunUpgrade2Pickup .prefab
  artifactKey: Guid(9fb23308c1eb3c75b9744608a10dfa14) Importer(815301076,1909f56bfc062723c751e8b465ee728b)
Start importing Assets/Prefabs/Pickups/Guns/Upgrades/ShotgunUpgrade2Pickup .prefab using Guid(9fb23308c1eb3c75b9744608a10dfa14) Importer(815301076,1909f56bfc062723c751e8b465ee728b)  -> (artifact id: 'fd2355809d6e233d220bda0d2754da42') in 0.010668 seconds 
========================================================================
Received Import Request.
  Time since last request: 3.445570 seconds.
  path: Assets/Prefabs/Pickups/Guns/Upgrades/ShotgunUpgrade2Pickup .prefab
  artifactKey: Guid(9fb23308c1eb3c75b9744608a10dfa14) Importer(815301076,1909f56bfc062723c751e8b465ee728b)
Start importing Assets/Prefabs/Pickups/Guns/Upgrades/ShotgunUpgrade2Pickup .prefab using Guid(9fb23308c1eb3c75b9744608a10dfa14) Importer(815301076,1909f56bfc062723c751e8b465ee728b)  -> (artifact id: 'bf1fcd359d73996effd9131b1d034c52') in 0.010934 seconds 
========================================================================
Received Import Request.
  Time since last request: 2.757170 seconds.
  path: Assets/Prefabs/Pickups/Guns/Upgrades/ShotgunUpgrade2Pickup .prefab
  artifactKey: Guid(9fb23308c1eb3c75b9744608a10dfa14) Importer(815301076,1909f56bfc062723c751e8b465ee728b)
Start importing Assets/Prefabs/Pickups/Guns/Upgrades/ShotgunUpgrade2Pickup .prefab using Guid(9fb23308c1eb3c75b9744608a10dfa14) Importer(815301076,1909f56bfc062723c751e8b465ee728b)  -> (artifact id: '4ae1b9ee16185989e8ca43ef89d56bd2') in 0.011804 seconds 
========================================================================
Received Import Request.
  Time since last request: 13.184030 seconds.
  path: Assets/Prefabs/Pickups/Guns/Upgrades/ShotgunUpgrade1Pickup.prefab
  artifactKey: Guid(25f6d05fba3b930d09b8d76ff8845094) Importer(815301076,1909f56bfc062723c751e8b465ee728b)
Start importing Assets/Prefabs/Pickups/Guns/Upgrades/ShotgunUpgrade1Pickup.prefab using Guid(25f6d05fba3b930d09b8d76ff8845094) Importer(815301076,1909f56bfc062723c751e8b465ee728b)  -> (artifact id: 'a42a89353c5e10226813844fe89475cc') in 0.016118 seconds 
========================================================================
Received Import Request.
  Time since last request: 10.098389 seconds.
  path: Assets/Prefabs/Pickups/Guns/Upgrades/ShotgunUpgrade2Pickup .prefab
  artifactKey: Guid(9fb23308c1eb3c75b9744608a10dfa14) Importer(815301076,1909f56bfc062723c751e8b465ee728b)
Start importing Assets/Prefabs/Pickups/Guns/Upgrades/ShotgunUpgrade2Pickup .prefab using Guid(9fb23308c1eb3c75b9744608a10dfa14) Importer(815301076,1909f56bfc062723c751e8b465ee728b)  -> (artifact id: '88e97fd8ac414ed688c6b2ea437f6477') in 0.010658 seconds 
========================================================================
Received Import Request.
  Time since last request: 4.249515 seconds.
  path: Assets/Prefabs/Pickups/Guns/Upgrades/ShotgunUpgrade2Pickup .prefab
  artifactKey: Guid(9fb23308c1eb3c75b9744608a10dfa14) Importer(815301076,1909f56bfc062723c751e8b465ee728b)
Start importing Assets/Prefabs/Pickups/Guns/Upgrades/ShotgunUpgrade2Pickup .prefab using Guid(9fb23308c1eb3c75b9744608a10dfa14) Importer(815301076,1909f56bfc062723c751e8b465ee728b)  -> (artifact id: '54a3e73cb95ad876aa2d06f27cf4575d') in 0.010704 seconds 
========================================================================
Received Import Request.
  Time since last request: 9.368058 seconds.
  path: Assets/Prefabs/Pickups/Guns/ShotgunPickup.prefab
  artifactKey: Guid(54389e92a4795b1b49afebd03e92bb37) Importer(815301076,1909f56bfc062723c751e8b465ee728b)
Start importing Assets/Prefabs/Pickups/Guns/ShotgunPickup.prefab using Guid(54389e92a4795b1b49afebd03e92bb37) Importer(815301076,1909f56bfc062723c751e8b465ee728b)  -> (artifact id: 'be6e5ad4badaa5566fbd9989c52d1b6e') in 0.010025 seconds 
========================================================================
Received Import Request.
  Time since last request: 10.832893 seconds.
  path: Assets/Prefabs/Pickups/Guns/Upgrades/ShotgunUpgrade1Pickup.prefab
  artifactKey: Guid(25f6d05fba3b930d09b8d76ff8845094) Importer(815301076,1909f56bfc062723c751e8b465ee728b)
Start importing Assets/Prefabs/Pickups/Guns/Upgrades/ShotgunUpgrade1Pickup.prefab using Guid(25f6d05fba3b930d09b8d76ff8845094) Importer(815301076,1909f56bfc062723c751e8b465ee728b)  -> (artifact id: 'de1170f6a4039a128fa348b89495222a') in 0.012924 seconds 
========================================================================
Received Import Request.
  Time since last request: 11.229906 seconds.
  path: Assets/Prefabs/Pickups/Guns/Upgrades/ShotgunUpgrade2Pickup .prefab
  artifactKey: Guid(9fb23308c1eb3c75b9744608a10dfa14) Importer(815301076,1909f56bfc062723c751e8b465ee728b)
Start importing Assets/Prefabs/Pickups/Guns/Upgrades/ShotgunUpgrade2Pickup .prefab using Guid(9fb23308c1eb3c75b9744608a10dfa14) Importer(815301076,1909f56bfc062723c751e8b465ee728b)  -> (artifact id: '57fca126681946c794453e950e53ae57') in 0.010511 seconds 
========================================================================
Received Import Request.
  Time since last request: 17.635096 seconds.
  path: Assets/Prefabs/Pickups/Guns/ShotgunPickup.prefab
  artifactKey: Guid(54389e92a4795b1b49afebd03e92bb37) Importer(815301076,1909f56bfc062723c751e8b465ee728b)
Start importing Assets/Prefabs/Pickups/Guns/ShotgunPickup.prefab using Guid(54389e92a4795b1b49afebd03e92bb37) Importer(815301076,1909f56bfc062723c751e8b465ee728b)  -> (artifact id: '8f7ece44b5116ae825da5b972efdab14') in 0.009641 seconds 
========================================================================
Received Import Request.
  Time since last request: 10.996784 seconds.
  path: Assets/Prefabs/Pickups/Guns/Upgrades/ShotgunUpgrade1Pickup.prefab
  artifactKey: Guid(25f6d05fba3b930d09b8d76ff8845094) Importer(815301076,1909f56bfc062723c751e8b465ee728b)
Start importing Assets/Prefabs/Pickups/Guns/Upgrades/ShotgunUpgrade1Pickup.prefab using Guid(25f6d05fba3b930d09b8d76ff8845094) Importer(815301076,1909f56bfc062723c751e8b465ee728b)  -> (artifact id: '11bf286e1b5f25ce36edbe0c13c50452') in 0.011872 seconds 
========================================================================
Received Import Request.
  Time since last request: 44.199404 seconds.
  path: Assets/Prefabs/Pickups/Guns/Upgrades/ElectroGunUpgradePickup.prefab
  artifactKey: Guid(8d977651cc09ae6378745b003514d966) Importer(815301076,1909f56bfc062723c751e8b465ee728b)
Start importing Assets/Prefabs/Pickups/Guns/Upgrades/ElectroGunUpgradePickup.prefab using Guid(8d977651cc09ae6378745b003514d966) Importer(815301076,1909f56bfc062723c751e8b465ee728b)  -> (artifact id: 'bf70c21b377ba9cb0cbac47533d184e3') in 0.009486 seconds 
========================================================================
Received Import Request.
  Time since last request: 17.204487 seconds.
  path: Assets/Prefabs/Pickups/Guns/Upgrades/ElectroGunUpgradePickup.prefab
  artifactKey: Guid(8d977651cc09ae6378745b003514d966) Importer(815301076,1909f56bfc062723c751e8b465ee728b)
Start importing Assets/Prefabs/Pickups/Guns/Upgrades/ElectroGunUpgradePickup.prefab using Guid(8d977651cc09ae6378745b003514d966) Importer(815301076,1909f56bfc062723c751e8b465ee728b)  -> (artifact id: 'ec6ab256d8a6a500d5e676f04fcd52b2') in 0.009495 seconds 
========================================================================
Received Import Request.
  Time since last request: 47.070063 seconds.
  path: Assets/Prefabs/Pickups/Guns/ElectroGunPickup .prefab
  artifactKey: Guid(98b5a63ee7233874d90c432821c9bd06) Importer(815301076,1909f56bfc062723c751e8b465ee728b)
Start importing Assets/Prefabs/Pickups/Guns/ElectroGunPickup .prefab using Guid(98b5a63ee7233874d90c432821c9bd06) Importer(815301076,1909f56bfc062723c751e8b465ee728b)  -> (artifact id: 'ff22c93b8dcbe9344a46afba8bb82525') in 0.011890 seconds 
========================================================================
Received Import Request.
  Time since last request: 7.863819 seconds.
  path: Assets/Prefabs/Pickups/Guns/ElectroGunPickup .prefab
  artifactKey: Guid(98b5a63ee7233874d90c432821c9bd06) Importer(815301076,1909f56bfc062723c751e8b465ee728b)
Start importing Assets/Prefabs/Pickups/Guns/ElectroGunPickup .prefab using Guid(98b5a63ee7233874d90c432821c9bd06) Importer(815301076,1909f56bfc062723c751e8b465ee728b)  -> (artifact id: '9e8821e55c99929d07408e8eac66f6b9') in 0.009701 seconds 
========================================================================
Received Import Request.
  Time since last request: 38.837116 seconds.
  path: Assets/Prefabs/Pickups/Guns/Upgrades/ElectroGunUpgradePickup.prefab
  artifactKey: Guid(8d977651cc09ae6378745b003514d966) Importer(815301076,1909f56bfc062723c751e8b465ee728b)
Start importing Assets/Prefabs/Pickups/Guns/Upgrades/ElectroGunUpgradePickup.prefab using Guid(8d977651cc09ae6378745b003514d966) Importer(815301076,1909f56bfc062723c751e8b465ee728b)  -> (artifact id: '8c6386a27db5350ccc467aadc767824a') in 0.014149 seconds 
========================================================================
Received Import Request.
  Time since last request: 33.871105 seconds.
  path: Assets/Prefabs/Pickups/Guns/Upgrades/ElectroGunUpgradePickup.prefab
  artifactKey: Guid(8d977651cc09ae6378745b003514d966) Importer(815301076,1909f56bfc062723c751e8b465ee728b)
Start importing Assets/Prefabs/Pickups/Guns/Upgrades/ElectroGunUpgradePickup.prefab using Guid(8d977651cc09ae6378745b003514d966) Importer(815301076,1909f56bfc062723c751e8b465ee728b)  -> (artifact id: 'd82badb1ee707a0c9df56f03e14c84f9') in 0.011181 seconds 
========================================================================
Received Prepare
Registering precompiled user dll's ...
Registered in 0.002781 seconds.
Begin MonoManager ReloadAssembly
Native extension for LinuxStandalone target not found
Native extension for WindowsStandalone target not found
Native extension for OSXStandalone target not found
Native extension for WebGL target not found
Refreshing native plugins compatible for Editor in 0.87 ms, found 0 plugins.
Preloading 0 native plugins for Editor in 0.00 ms.
Mono: successfully reloaded assembly
- Completed reload, in  1.551 seconds
Domain Reload Profiling:
	ReloadAssembly (1552ms)
		BeginReloadAssembly (154ms)
			ExecutionOrderSort (0ms)
			DisableScriptedObjects (12ms)
			BackupInstance (0ms)
			ReleaseScriptingObjects (0ms)
			CreateAndSetChildDomain (51ms)
		EndReloadAssembly (1336ms)
			LoadAssemblies (112ms)
			RebuildTransferFunctionScriptingTraits (0ms)
			SetupTypeCache (318ms)
			ReleaseScriptCaches (1ms)
			RebuildScriptCaches (55ms)
			SetupLoadedEditorAssemblies (623ms)
				LogAssemblyErrors (0ms)
				InitializePlatformSupportModulesInManaged (28ms)
				SetLoadedEditorAssemblies (1ms)
				RefreshPlugins (1ms)
				BeforeProcessingInitializeOnLoad (108ms)
				ProcessInitializeOnLoadAttributes (460ms)
				ProcessInitializeOnLoadMethodAttributes (20ms)
				AfterProcessingInitializeOnLoad (3ms)
				EditorAssembliesLoaded (1ms)
			ExecutionOrderSort2 (0ms)
			AwakeInstancesAfterBackupRestoration (36ms)
Platform modules already initialized, skipping
Refreshing native plugins compatible for Editor in 0.74 ms, found 0 plugins.
Preloading 0 native plugins for Editor in 0.00 ms.
Unloading 3148 Unused Serialized files (Serialized files now loaded: 0)
System memory in use before: 156.9 MB.
System memory in use after: 157.0 MB.

Unloading 15 unused Assets to reduce memory usage. Loaded Objects now: 3779.
Total: 7.897093 ms (FindLiveObjects: 0.438185 ms CreateObjectMapping: 0.458788 ms MarkObjects: 6.823703 ms  DeleteObjects: 0.164895 ms)

AssetImportParameters requested are different than current active one (requested -> active):
  custom:video-decoder-ogg-theora: a1e56fd34408186e4bbccfd4996cb3dc -> 
  custom:container-muxer-webm: aa71ff27fc2769a1b78a27578f13a17b -> 
  custom:container-demuxer-webm: 4f35f7cbe854078d1ac9338744f61a02 -> 
  custom:container-demuxer-ogg: 62fdf1f143b41e24485cea50d1cbac27 -> 
  custom:video-encoder-webm-vp8: eb34c28f22e8b96e1ab97ce403110664 -> 
  custom:video-decoder-webm-vp8: 9c59270c3fd7afecdb556c50c9e8de78 -> 
  custom:audio-decoder-ogg-vorbis: bf7c407c2cedff20999df2af8eb42d56 -> 
  custom:audio-encoder-webm-vorbis: bf7c407c2cedff20999df2af8eb42d56 -> 
========================================================================
Received Prepare
Registering precompiled user dll's ...
Registered in 0.001946 seconds.
Begin MonoManager ReloadAssembly
Native extension for LinuxStandalone target not found
Native extension for WindowsStandalone target not found
Native extension for OSXStandalone target not found
Native extension for WebGL target not found
Refreshing native plugins compatible for Editor in 0.65 ms, found 0 plugins.
Preloading 0 native plugins for Editor in 0.00 ms.
Mono: successfully reloaded assembly
- Completed reload, in  1.286 seconds
Domain Reload Profiling:
	ReloadAssembly (1287ms)
		BeginReloadAssembly (131ms)
			ExecutionOrderSort (0ms)
			DisableScriptedObjects (9ms)
			BackupInstance (0ms)
			ReleaseScriptingObjects (0ms)
			CreateAndSetChildDomain (42ms)
		EndReloadAssembly (1093ms)
			LoadAssemblies (107ms)
			RebuildTransferFunctionScriptingTraits (0ms)
			SetupTypeCache (274ms)
			ReleaseScriptCaches (1ms)
			RebuildScriptCaches (43ms)
			SetupLoadedEditorAssemblies (499ms)
				LogAssemblyErrors (0ms)
				InitializePlatformSupportModulesInManaged (22ms)
				SetLoadedEditorAssemblies (1ms)
				RefreshPlugins (1ms)
				BeforeProcessingInitializeOnLoad (89ms)
				ProcessInitializeOnLoadAttributes (369ms)
				ProcessInitializeOnLoadMethodAttributes (14ms)
				AfterProcessingInitializeOnLoad (3ms)
				EditorAssembliesLoaded (0ms)
			ExecutionOrderSort2 (0ms)
			AwakeInstancesAfterBackupRestoration (29ms)
Platform modules already initialized, skipping
Refreshing native plugins compatible for Editor in 0.73 ms, found 0 plugins.
Preloading 0 native plugins for Editor in 0.00 ms.
Unloading 3148 Unused Serialized files (Serialized files now loaded: 0)
System memory in use before: 156.9 MB.
System memory in use after: 157.1 MB.

Unloading 13 unused Assets to reduce memory usage. Loaded Objects now: 3781.
Total: 6.389988 ms (FindLiveObjects: 0.246819 ms CreateObjectMapping: 0.069213 ms MarkObjects: 5.995664 ms  DeleteObjects: 0.070260 ms)

AssetImportParameters requested are different than current active one (requested -> active):
  custom:video-decoder-ogg-theora: a1e56fd34408186e4bbccfd4996cb3dc -> 
  custom:container-muxer-webm: aa71ff27fc2769a1b78a27578f13a17b -> 
  custom:container-demuxer-webm: 4f35f7cbe854078d1ac9338744f61a02 -> 
  custom:container-demuxer-ogg: 62fdf1f143b41e24485cea50d1cbac27 -> 
  custom:video-encoder-webm-vp8: eb34c28f22e8b96e1ab97ce403110664 -> 
  custom:video-decoder-webm-vp8: 9c59270c3fd7afecdb556c50c9e8de78 -> 
  custom:audio-decoder-ogg-vorbis: bf7c407c2cedff20999df2af8eb42d56 -> 
  custom:audio-encoder-webm-vorbis: bf7c407c2cedff20999df2af8eb42d56 -> 
========================================================================
Received Import Request.
  Time since last request: 847.699517 seconds.
  path: Assets/_Scenes/BossFight.unity
  artifactKey: Guid(5b067a717f00b8ccca70dfd6f1a51201) Importer(815301076,1909f56bfc062723c751e8b465ee728b)
Start importing Assets/_Scenes/BossFight.unity using Guid(5b067a717f00b8ccca70dfd6f1a51201) Importer(815301076,1909f56bfc062723c751e8b465ee728b)  -> (artifact id: '162b50dfdec0429110b7440b202019a5') in 0.016088 seconds 
========================================================================
Received Prepare
Registering precompiled user dll's ...
Registered in 0.001951 seconds.
Begin MonoManager ReloadAssembly
Native extension for LinuxStandalone target not found
Native extension for WindowsStandalone target not found
Native extension for OSXStandalone target not found
Native extension for WebGL target not found
Refreshing native plugins compatible for Editor in 0.82 ms, found 0 plugins.
Preloading 0 native plugins for Editor in 0.00 ms.
Mono: successfully reloaded assembly
- Completed reload, in  1.360 seconds
Domain Reload Profiling:
	ReloadAssembly (1361ms)
		BeginReloadAssembly (141ms)
			ExecutionOrderSort (0ms)
			DisableScriptedObjects (9ms)
			BackupInstance (0ms)
			ReleaseScriptingObjects (0ms)
			CreateAndSetChildDomain (47ms)
		EndReloadAssembly (1158ms)
			LoadAssemblies (112ms)
			RebuildTransferFunctionScriptingTraits (0ms)
			SetupTypeCache (288ms)
			ReleaseScriptCaches (1ms)
			RebuildScriptCaches (63ms)
			SetupLoadedEditorAssemblies (518ms)
				LogAssemblyErrors (0ms)
				InitializePlatformSupportModulesInManaged (25ms)
				SetLoadedEditorAssemblies (1ms)
				RefreshPlugins (1ms)
				BeforeProcessingInitializeOnLoad (95ms)
				ProcessInitializeOnLoadAttributes (377ms)
				ProcessInitializeOnLoadMethodAttributes (15ms)
				AfterProcessingInitializeOnLoad (3ms)
				EditorAssembliesLoaded (1ms)
			ExecutionOrderSort2 (0ms)
			AwakeInstancesAfterBackupRestoration (26ms)
Platform modules already initialized, skipping
Refreshing native plugins compatible for Editor in 0.67 ms, found 0 plugins.
Preloading 0 native plugins for Editor in 0.00 ms.
Unloading 3148 Unused Serialized files (Serialized files now loaded: 0)
System memory in use before: 157.0 MB.
System memory in use after: 157.1 MB.

Unloading 13 unused Assets to reduce memory usage. Loaded Objects now: 3783.
Total: 6.481829 ms (FindLiveObjects: 0.335727 ms CreateObjectMapping: 0.115797 ms MarkObjects: 5.915417 ms  DeleteObjects: 0.103435 ms)

AssetImportParameters requested are different than current active one (requested -> active):
  custom:video-decoder-ogg-theora: a1e56fd34408186e4bbccfd4996cb3dc -> 
  custom:container-muxer-webm: aa71ff27fc2769a1b78a27578f13a17b -> 
  custom:container-demuxer-webm: 4f35f7cbe854078d1ac9338744f61a02 -> 
  custom:container-demuxer-ogg: 62fdf1f143b41e24485cea50d1cbac27 -> 
  custom:video-encoder-webm-vp8: eb34c28f22e8b96e1ab97ce403110664 -> 
  custom:video-decoder-webm-vp8: 9c59270c3fd7afecdb556c50c9e8de78 -> 
  custom:audio-decoder-ogg-vorbis: bf7c407c2cedff20999df2af8eb42d56 -> 
  custom:audio-encoder-webm-vorbis: bf7c407c2cedff20999df2af8eb42d56 -> 
========================================================================
Received Import Request.
  Time since last request: 40.586227 seconds.
  path: Assets/_Scenes/MiniLevel2.unity
  artifactKey: Guid(47c4f69bfd4370899afcf47884e27b8f) Importer(815301076,1909f56bfc062723c751e8b465ee728b)
Start importing Assets/_Scenes/MiniLevel2.unity using Guid(47c4f69bfd4370899afcf47884e27b8f) Importer(815301076,1909f56bfc062723c751e8b465ee728b)  -> (artifact id: '80a07b16eb8d7e20e2d8e01a6c697089') in 0.016545 seconds 
========================================================================
Received Import Request.
  Time since last request: 57.043081 seconds.
  path: Assets/_Scenes/MiniLevel3.unity
  artifactKey: Guid(6e6613659ce539b348931d92ced7cbbf) Importer(815301076,1909f56bfc062723c751e8b465ee728b)
Start importing Assets/_Scenes/MiniLevel3.unity using Guid(6e6613659ce539b348931d92ced7cbbf) Importer(815301076,1909f56bfc062723c751e8b465ee728b)  -> (artifact id: 'b1d7e21711923b06f33f4f576db76000') in 0.001211 seconds 
========================================================================
Received Import Request.
  Time since last request: 16.840479 seconds.
  path: Assets/_Scenes/MiniLevel4.unity
  artifactKey: Guid(152efe575a50079bc8d938f106818698) Importer(815301076,1909f56bfc062723c751e8b465ee728b)
Start importing Assets/_Scenes/MiniLevel4.unity using Guid(152efe575a50079bc8d938f106818698) Importer(815301076,1909f56bfc062723c751e8b465ee728b)  -> (artifact id: '27a28810724ebbe94a15bf50dff17523') in 0.001298 seconds 
========================================================================
Received Import Request.
  Time since last request: 15.587343 seconds.
  path: Assets/_Scenes/BossFight.unity
  artifactKey: Guid(5b067a717f00b8ccca70dfd6f1a51201) Importer(815301076,1909f56bfc062723c751e8b465ee728b)
Start importing Assets/_Scenes/BossFight.unity using Guid(5b067a717f00b8ccca70dfd6f1a51201) Importer(815301076,1909f56bfc062723c751e8b465ee728b)  -> (artifact id: 'e1149eeef5d0dd5c3e6c38ca55f85b8b') in 0.001700 seconds 
========================================================================
Received Prepare
Registering precompiled user dll's ...
Registered in 0.002055 seconds.
Begin MonoManager ReloadAssembly
Native extension for LinuxStandalone target not found
Native extension for WindowsStandalone target not found
Native extension for OSXStandalone target not found
Native extension for WebGL target not found
Refreshing native plugins compatible for Editor in 0.70 ms, found 0 plugins.
Preloading 0 native plugins for Editor in 0.00 ms.
Mono: successfully reloaded assembly
- Completed reload, in  1.376 seconds
Domain Reload Profiling:
	ReloadAssembly (1377ms)
		BeginReloadAssembly (160ms)
			ExecutionOrderSort (0ms)
			DisableScriptedObjects (10ms)
			BackupInstance (0ms)
			ReleaseScriptingObjects (0ms)
			CreateAndSetChildDomain (58ms)
		EndReloadAssembly (1143ms)
			LoadAssemblies (129ms)
			RebuildTransferFunctionScriptingTraits (0ms)
			SetupTypeCache (283ms)
			ReleaseScriptCaches (1ms)
			RebuildScriptCaches (43ms)
			SetupLoadedEditorAssemblies (525ms)
				LogAssemblyErrors (0ms)
				InitializePlatformSupportModulesInManaged (22ms)
				SetLoadedEditorAssemblies (1ms)
				RefreshPlugins (1ms)
				BeforeProcessingInitializeOnLoad (93ms)
				ProcessInitializeOnLoadAttributes (387ms)
				ProcessInitializeOnLoadMethodAttributes (16ms)
				AfterProcessingInitializeOnLoad (4ms)
				EditorAssembliesLoaded (0ms)
			ExecutionOrderSort2 (0ms)
			AwakeInstancesAfterBackupRestoration (29ms)
Platform modules already initialized, skipping
Refreshing native plugins compatible for Editor in 0.72 ms, found 0 plugins.
Preloading 0 native plugins for Editor in 0.00 ms.
Unloading 3148 Unused Serialized files (Serialized files now loaded: 0)
System memory in use before: 157.0 MB.
System memory in use after: 157.2 MB.

Unloading 13 unused Assets to reduce memory usage. Loaded Objects now: 3785.
Total: 6.759449 ms (FindLiveObjects: 0.294381 ms CreateObjectMapping: 0.110698 ms MarkObjects: 6.274052 ms  DeleteObjects: 0.073333 ms)

AssetImportParameters requested are different than current active one (requested -> active):
  custom:video-decoder-ogg-theora: a1e56fd34408186e4bbccfd4996cb3dc -> 
  custom:container-muxer-webm: aa71ff27fc2769a1b78a27578f13a17b -> 
  custom:container-demuxer-webm: 4f35f7cbe854078d1ac9338744f61a02 -> 
  custom:container-demuxer-ogg: 62fdf1f143b41e24485cea50d1cbac27 -> 
  custom:video-encoder-webm-vp8: eb34c28f22e8b96e1ab97ce403110664 -> 
  custom:video-decoder-webm-vp8: 9c59270c3fd7afecdb556c50c9e8de78 -> 
  custom:audio-decoder-ogg-vorbis: bf7c407c2cedff20999df2af8eb42d56 -> 
  custom:audio-encoder-webm-vorbis: bf7c407c2cedff20999df2af8eb42d56 -> 
========================================================================
Received Prepare
Registering precompiled user dll's ...
Registered in 0.001940 seconds.
Begin MonoManager ReloadAssembly
Native extension for LinuxStandalone target not found
Native extension for WindowsStandalone target not found
Native extension for OSXStandalone target not found
Native extension for WebGL target not found
Refreshing native plugins compatible for Editor in 0.74 ms, found 0 plugins.
Preloading 0 native plugins for Editor in 0.00 ms.
Mono: successfully reloaded assembly
- Completed reload, in  1.401 seconds
Domain Reload Profiling:
	ReloadAssembly (1401ms)
		BeginReloadAssembly (153ms)
			ExecutionOrderSort (0ms)
			DisableScriptedObjects (11ms)
			BackupInstance (0ms)
			ReleaseScriptingObjects (0ms)
			CreateAndSetChildDomain (55ms)
		EndReloadAssembly (1184ms)
			LoadAssemblies (122ms)
			RebuildTransferFunctionScriptingTraits (0ms)
			SetupTypeCache (311ms)
			ReleaseScriptCaches (1ms)
			RebuildScriptCaches (47ms)
			SetupLoadedEditorAssemblies (539ms)
				LogAssemblyErrors (0ms)
				InitializePlatformSupportModulesInManaged (22ms)
				SetLoadedEditorAssemblies (1ms)
				RefreshPlugins (1ms)
				BeforeProcessingInitializeOnLoad (89ms)
				ProcessInitializeOnLoadAttributes (405ms)
				ProcessInitializeOnLoadMethodAttributes (17ms)
				AfterProcessingInitializeOnLoad (3ms)
				EditorAssembliesLoaded (0ms)
			ExecutionOrderSort2 (0ms)
			AwakeInstancesAfterBackupRestoration (29ms)
Platform modules already initialized, skipping
Refreshing native plugins compatible for Editor in 0.70 ms, found 0 plugins.
Preloading 0 native plugins for Editor in 0.00 ms.
Unloading 3148 Unused Serialized files (Serialized files now loaded: 0)
System memory in use before: 157.1 MB.
System memory in use after: 157.2 MB.

Unloading 13 unused Assets to reduce memory usage. Loaded Objects now: 3787.
Total: 6.842909 ms (FindLiveObjects: 0.264559 ms CreateObjectMapping: 0.080666 ms MarkObjects: 6.371899 ms  DeleteObjects: 0.116844 ms)

AssetImportParameters requested are different than current active one (requested -> active):
  custom:video-decoder-ogg-theora: a1e56fd34408186e4bbccfd4996cb3dc -> 
  custom:container-muxer-webm: aa71ff27fc2769a1b78a27578f13a17b -> 
  custom:container-demuxer-webm: 4f35f7cbe854078d1ac9338744f61a02 -> 
  custom:container-demuxer-ogg: 62fdf1f143b41e24485cea50d1cbac27 -> 
  custom:video-encoder-webm-vp8: eb34c28f22e8b96e1ab97ce403110664 -> 
  custom:video-decoder-webm-vp8: 9c59270c3fd7afecdb556c50c9e8de78 -> 
  custom:audio-decoder-ogg-vorbis: bf7c407c2cedff20999df2af8eb42d56 -> 
  custom:audio-encoder-webm-vorbis: bf7c407c2cedff20999df2af8eb42d56 -> 
========================================================================
Received Import Request.
  Time since last request: 480.003723 seconds.
  path: Assets/Prefabs/Projectiles/Player/PlayerPistolProjectile.prefab
  artifactKey: Guid(d12b32f40f1a0be49a9599328b2aa525) Importer(815301076,1909f56bfc062723c751e8b465ee728b)
Start importing Assets/Prefabs/Projectiles/Player/PlayerPistolProjectile.prefab using Guid(d12b32f40f1a0be49a9599328b2aa525) Importer(815301076,1909f56bfc062723c751e8b465ee728b)  -> (artifact id: 'd088a4f440d3acaf6d35915e4b9df8f3') in 0.255284 seconds 
========================================================================
Received Import Request.
  Time since last request: 3.370235 seconds.
  path: Assets/Prefabs/Projectiles/Player/PlayerPistolProjectile.prefab
  artifactKey: Guid(d12b32f40f1a0be49a9599328b2aa525) Importer(815301076,1909f56bfc062723c751e8b465ee728b)
Start importing Assets/Prefabs/Projectiles/Player/PlayerPistolProjectile.prefab using Guid(d12b32f40f1a0be49a9599328b2aa525) Importer(815301076,1909f56bfc062723c751e8b465ee728b)  -> (artifact id: '709c722e01109c7c82d2d07a69a30203') in 0.009578 seconds 
========================================================================
Received Import Request.
  Time since last request: 1.795096 seconds.
  path: Assets/Prefabs/Projectiles/Player/LightningProjectile.prefab
  artifactKey: Guid(5c6c395b3d25a8d47a586d04fb3993b3) Importer(815301076,1909f56bfc062723c751e8b465ee728b)
Start importing Assets/Prefabs/Projectiles/Player/LightningProjectile.prefab using Guid(5c6c395b3d25a8d47a586d04fb3993b3) Importer(815301076,1909f56bfc062723c751e8b465ee728b)  -> (artifact id: 'edb9945e97902c2973cf8a91577c45ab') in 0.014637 seconds 
========================================================================
Received Prepare
Registering precompiled user dll's ...
Registered in 0.002033 seconds.
Begin MonoManager ReloadAssembly
Native extension for LinuxStandalone target not found
Native extension for WindowsStandalone target not found
Native extension for OSXStandalone target not found
Native extension for WebGL target not found
Refreshing native plugins compatible for Editor in 0.65 ms, found 0 plugins.
Preloading 0 native plugins for Editor in 0.00 ms.
Mono: successfully reloaded assembly
- Completed reload, in  1.450 seconds
Domain Reload Profiling:
	ReloadAssembly (1451ms)
		BeginReloadAssembly (176ms)
			ExecutionOrderSort (0ms)
			DisableScriptedObjects (13ms)
			BackupInstance (0ms)
			ReleaseScriptingObjects (0ms)
			CreateAndSetChildDomain (66ms)
		EndReloadAssembly (1191ms)
			LoadAssemblies (144ms)
			RebuildTransferFunctionScriptingTraits (0ms)
			SetupTypeCache (339ms)
			ReleaseScriptCaches (1ms)
			RebuildScriptCaches (41ms)
			SetupLoadedEditorAssemblies (512ms)
				LogAssemblyErrors (0ms)
				InitializePlatformSupportModulesInManaged (22ms)
				SetLoadedEditorAssemblies (1ms)
				RefreshPlugins (1ms)
				BeforeProcessingInitializeOnLoad (88ms)
				ProcessInitializeOnLoadAttributes (381ms)
				ProcessInitializeOnLoadMethodAttributes (15ms)
				AfterProcessingInitializeOnLoad (3ms)
				EditorAssembliesLoaded (0ms)
			ExecutionOrderSort2 (0ms)
			AwakeInstancesAfterBackupRestoration (29ms)
Platform modules already initialized, skipping
Refreshing native plugins compatible for Editor in 0.70 ms, found 0 plugins.
Preloading 0 native plugins for Editor in 0.00 ms.
Unloading 3148 Unused Serialized files (Serialized files now loaded: 0)
System memory in use before: 157.2 MB.
System memory in use after: 157.4 MB.

Unloading 13 unused Assets to reduce memory usage. Loaded Objects now: 3825.
Total: 6.475614 ms (FindLiveObjects: 0.259740 ms CreateObjectMapping: 0.080666 ms MarkObjects: 6.018991 ms  DeleteObjects: 0.108673 ms)

AssetImportParameters requested are different than current active one (requested -> active):
  custom:video-decoder-ogg-theora: a1e56fd34408186e4bbccfd4996cb3dc -> 
  custom:container-muxer-webm: aa71ff27fc2769a1b78a27578f13a17b -> 
  custom:container-demuxer-webm: 4f35f7cbe854078d1ac9338744f61a02 -> 
  custom:container-demuxer-ogg: 62fdf1f143b41e24485cea50d1cbac27 -> 
  custom:video-encoder-webm-vp8: eb34c28f22e8b96e1ab97ce403110664 -> 
  custom:video-decoder-webm-vp8: 9c59270c3fd7afecdb556c50c9e8de78 -> 
  custom:audio-decoder-ogg-vorbis: bf7c407c2cedff20999df2af8eb42d56 -> 
  custom:audio-encoder-webm-vorbis: bf7c407c2cedff20999df2af8eb42d56 -> 
========================================================================
Received Prepare
Registering precompiled user dll's ...
Registered in 0.002111 seconds.
Begin MonoManager ReloadAssembly
Native extension for LinuxStandalone target not found
Native extension for WindowsStandalone target not found
Native extension for OSXStandalone target not found
Native extension for WebGL target not found
Refreshing native plugins compatible for Editor in 0.80 ms, found 0 plugins.
Preloading 0 native plugins for Editor in 0.00 ms.
Mono: successfully reloaded assembly
- Completed reload, in  1.387 seconds
Domain Reload Profiling:
	ReloadAssembly (1388ms)
		BeginReloadAssembly (143ms)
			ExecutionOrderSort (0ms)
			DisableScriptedObjects (9ms)
			BackupInstance (0ms)
			ReleaseScriptingObjects (0ms)
			CreateAndSetChildDomain (50ms)
		EndReloadAssembly (1182ms)
			LoadAssemblies (110ms)
			RebuildTransferFunctionScriptingTraits (0ms)
			SetupTypeCache (301ms)
			ReleaseScriptCaches (2ms)
			RebuildScriptCaches (52ms)
			SetupLoadedEditorAssemblies (550ms)
				LogAssemblyErrors (0ms)
				InitializePlatformSupportModulesInManaged (23ms)
				SetLoadedEditorAssemblies (1ms)
				RefreshPlugins (1ms)
				BeforeProcessingInitializeOnLoad (106ms)
				ProcessInitializeOnLoadAttributes (400ms)
				ProcessInitializeOnLoadMethodAttributes (16ms)
				AfterProcessingInitializeOnLoad (3ms)
				EditorAssembliesLoaded (0ms)
			ExecutionOrderSort2 (0ms)
			AwakeInstancesAfterBackupRestoration (27ms)
Platform modules already initialized, skipping
Refreshing native plugins compatible for Editor in 0.64 ms, found 0 plugins.
Preloading 0 native plugins for Editor in 0.00 ms.
Unloading 3148 Unused Serialized files (Serialized files now loaded: 0)
System memory in use before: 157.2 MB.
System memory in use after: 157.4 MB.

Unloading 13 unused Assets to reduce memory usage. Loaded Objects now: 3827.
Total: 6.541125 ms (FindLiveObjects: 0.358285 ms CreateObjectMapping: 0.088210 ms MarkObjects: 5.991055 ms  DeleteObjects: 0.095892 ms)

AssetImportParameters requested are different than current active one (requested -> active):
  custom:video-decoder-ogg-theora: a1e56fd34408186e4bbccfd4996cb3dc -> 
  custom:container-muxer-webm: aa71ff27fc2769a1b78a27578f13a17b -> 
  custom:container-demuxer-webm: 4f35f7cbe854078d1ac9338744f61a02 -> 
  custom:container-demuxer-ogg: 62fdf1f143b41e24485cea50d1cbac27 -> 
  custom:video-encoder-webm-vp8: eb34c28f22e8b96e1ab97ce403110664 -> 
  custom:video-decoder-webm-vp8: 9c59270c3fd7afecdb556c50c9e8de78 -> 
  custom:audio-decoder-ogg-vorbis: bf7c407c2cedff20999df2af8eb42d56 -> 
  custom:audio-encoder-webm-vorbis: bf7c407c2cedff20999df2af8eb42d56 -> 
========================================================================
Received Prepare
Registering precompiled user dll's ...
Registered in 0.002939 seconds.
Begin MonoManager ReloadAssembly
Native extension for LinuxStandalone target not found
Native extension for WindowsStandalone target not found
Native extension for OSXStandalone target not found
Native extension for WebGL target not found
Refreshing native plugins compatible for Editor in 0.70 ms, found 0 plugins.
Preloading 0 native plugins for Editor in 0.00 ms.
Mono: successfully reloaded assembly
- Completed reload, in  1.383 seconds
Domain Reload Profiling:
	ReloadAssembly (1384ms)
		BeginReloadAssembly (141ms)
			ExecutionOrderSort (0ms)
			DisableScriptedObjects (9ms)
			BackupInstance (0ms)
			ReleaseScriptingObjects (0ms)
			CreateAndSetChildDomain (50ms)
		EndReloadAssembly (1182ms)
			LoadAssemblies (109ms)
			RebuildTransferFunctionScriptingTraits (0ms)
			SetupTypeCache (295ms)
			ReleaseScriptCaches (1ms)
			RebuildScriptCaches (46ms)
			SetupLoadedEditorAssemblies (547ms)
				LogAssemblyErrors (0ms)
				InitializePlatformSupportModulesInManaged (26ms)
				SetLoadedEditorAssemblies (1ms)
				RefreshPlugins (1ms)
				BeforeProcessingInitializeOnLoad (97ms)
				ProcessInitializeOnLoadAttributes (399ms)
				ProcessInitializeOnLoadMethodAttributes (19ms)
				AfterProcessingInitializeOnLoad (3ms)
				EditorAssembliesLoaded (0ms)
			ExecutionOrderSort2 (0ms)
			AwakeInstancesAfterBackupRestoration (30ms)
Platform modules already initialized, skipping
Refreshing native plugins compatible for Editor in 1.47 ms, found 0 plugins.
Preloading 0 native plugins for Editor in 0.00 ms.
Unloading 3148 Unused Serialized files (Serialized files now loaded: 0)
System memory in use before: 157.2 MB.
System memory in use after: 157.4 MB.

Unloading 13 unused Assets to reduce memory usage. Loaded Objects now: 3829.
Total: 6.635619 ms (FindLiveObjects: 0.269099 ms CreateObjectMapping: 0.068654 ms MarkObjects: 6.213988 ms  DeleteObjects: 0.076267 ms)

AssetImportParameters requested are different than current active one (requested -> active):
  custom:video-decoder-ogg-theora: a1e56fd34408186e4bbccfd4996cb3dc -> 
  custom:container-muxer-webm: aa71ff27fc2769a1b78a27578f13a17b -> 
  custom:container-demuxer-webm: 4f35f7cbe854078d1ac9338744f61a02 -> 
  custom:container-demuxer-ogg: 62fdf1f143b41e24485cea50d1cbac27 -> 
  custom:video-encoder-webm-vp8: eb34c28f22e8b96e1ab97ce403110664 -> 
  custom:video-decoder-webm-vp8: 9c59270c3fd7afecdb556c50c9e8de78 -> 
  custom:audio-decoder-ogg-vorbis: bf7c407c2cedff20999df2af8eb42d56 -> 
  custom:audio-encoder-webm-vorbis: bf7c407c2cedff20999df2af8eb42d56 -> 
========================================================================
Received Prepare
Registering precompiled user dll's ...
Registered in 0.001869 seconds.
Begin MonoManager ReloadAssembly
Native extension for LinuxStandalone target not found
Native extension for WindowsStandalone target not found
Native extension for OSXStandalone target not found
Native extension for WebGL target not found
Refreshing native plugins compatible for Editor in 0.76 ms, found 0 plugins.
Preloading 0 native plugins for Editor in 0.00 ms.
Mono: successfully reloaded assembly
- Completed reload, in  1.332 seconds
Domain Reload Profiling:
	ReloadAssembly (1332ms)
		BeginReloadAssembly (143ms)
			ExecutionOrderSort (0ms)
			DisableScriptedObjects (9ms)
			BackupInstance (0ms)
			ReleaseScriptingObjects (0ms)
			CreateAndSetChildDomain (51ms)
		EndReloadAssembly (1129ms)
			LoadAssemblies (109ms)
			RebuildTransferFunctionScriptingTraits (0ms)
			SetupTypeCache (283ms)
			ReleaseScriptCaches (1ms)
			RebuildScriptCaches (41ms)
			SetupLoadedEditorAssemblies (519ms)
				LogAssemblyErrors (0ms)
				InitializePlatformSupportModulesInManaged (24ms)
				SetLoadedEditorAssemblies (1ms)
				RefreshPlugins (1ms)
				BeforeProcessingInitializeOnLoad (96ms)
				ProcessInitializeOnLoadAttributes (379ms)
				ProcessInitializeOnLoadMethodAttributes (15ms)
				AfterProcessingInitializeOnLoad (3ms)
				EditorAssembliesLoaded (0ms)
			ExecutionOrderSort2 (0ms)
			AwakeInstancesAfterBackupRestoration (31ms)
Platform modules already initialized, skipping
Refreshing native plugins compatible for Editor in 0.72 ms, found 0 plugins.
Preloading 0 native plugins for Editor in 0.00 ms.
Unloading 3148 Unused Serialized files (Serialized files now loaded: 0)
System memory in use before: 157.2 MB.
System memory in use after: 157.4 MB.

Unloading 13 unused Assets to reduce memory usage. Loaded Objects now: 3831.
Total: 6.505017 ms (FindLiveObjects: 0.387899 ms CreateObjectMapping: 0.250870 ms MarkObjects: 5.775804 ms  DeleteObjects: 0.082343 ms)

AssetImportParameters requested are different than current active one (requested -> active):
  custom:video-decoder-ogg-theora: a1e56fd34408186e4bbccfd4996cb3dc -> 
  custom:container-muxer-webm: aa71ff27fc2769a1b78a27578f13a17b -> 
  custom:container-demuxer-webm: 4f35f7cbe854078d1ac9338744f61a02 -> 
  custom:container-demuxer-ogg: 62fdf1f143b41e24485cea50d1cbac27 -> 
  custom:video-encoder-webm-vp8: eb34c28f22e8b96e1ab97ce403110664 -> 
  custom:video-decoder-webm-vp8: 9c59270c3fd7afecdb556c50c9e8de78 -> 
  custom:audio-decoder-ogg-vorbis: bf7c407c2cedff20999df2af8eb42d56 -> 
  custom:audio-encoder-webm-vorbis: bf7c407c2cedff20999df2af8eb42d56 -> 
========================================================================
Received Import Request.
  Time since last request: 739.886564 seconds.
  path: Assets/Prefabs/Projectiles/Player/LightningProjectile.prefab
  artifactKey: Guid(5c6c395b3d25a8d47a586d04fb3993b3) Importer(815301076,1909f56bfc062723c751e8b465ee728b)
Start importing Assets/Prefabs/Projectiles/Player/LightningProjectile.prefab using Guid(5c6c395b3d25a8d47a586d04fb3993b3) Importer(815301076,1909f56bfc062723c751e8b465ee728b)  -> (artifact id: 'a735e6bee0c4f3e2cdfa90d90ad78913') in 0.266437 seconds 
========================================================================
Received Prepare
Registering precompiled user dll's ...
Registered in 0.002244 seconds.
Begin MonoManager ReloadAssembly
Native extension for LinuxStandalone target not found
Native extension for WindowsStandalone target not found
Native extension for OSXStandalone target not found
Native extension for WebGL target not found
Refreshing native plugins compatible for Editor in 0.70 ms, found 0 plugins.
Preloading 0 native plugins for Editor in 0.00 ms.
Mono: successfully reloaded assembly
- Completed reload, in  1.313 seconds
Domain Reload Profiling:
	ReloadAssembly (1314ms)
		BeginReloadAssembly (145ms)
			ExecutionOrderSort (0ms)
			DisableScriptedObjects (13ms)
			BackupInstance (0ms)
			ReleaseScriptingObjects (0ms)
			CreateAndSetChildDomain (52ms)
		EndReloadAssembly (1109ms)
			LoadAssemblies (107ms)
			RebuildTransferFunctionScriptingTraits (0ms)
			SetupTypeCache (282ms)
			ReleaseScriptCaches (1ms)
			RebuildScriptCaches (42ms)
			SetupLoadedEditorAssemblies (508ms)
				LogAssemblyErrors (0ms)
				InitializePlatformSupportModulesInManaged (25ms)
				SetLoadedEditorAssemblies (1ms)
				RefreshPlugins (1ms)
				BeforeProcessingInitializeOnLoad (87ms)
				ProcessInitializeOnLoadAttributes (376ms)
				ProcessInitializeOnLoadMethodAttributes (16ms)
				AfterProcessingInitializeOnLoad (3ms)
				EditorAssembliesLoaded (0ms)
			ExecutionOrderSort2 (0ms)
			AwakeInstancesAfterBackupRestoration (30ms)
Platform modules already initialized, skipping
Refreshing native plugins compatible for Editor in 0.69 ms, found 0 plugins.
Preloading 0 native plugins for Editor in 0.00 ms.
Unloading 3148 Unused Serialized files (Serialized files now loaded: 0)
System memory in use before: 157.3 MB.
System memory in use after: 157.5 MB.

Unloading 13 unused Assets to reduce memory usage. Loaded Objects now: 3869.
Total: 6.263855 ms (FindLiveObjects: 0.259460 ms CreateObjectMapping: 0.077664 ms MarkObjects: 5.837334 ms  DeleteObjects: 0.082203 ms)

AssetImportParameters requested are different than current active one (requested -> active):
  custom:video-decoder-ogg-theora: a1e56fd34408186e4bbccfd4996cb3dc -> 
  custom:container-muxer-webm: aa71ff27fc2769a1b78a27578f13a17b -> 
  custom:container-demuxer-webm: 4f35f7cbe854078d1ac9338744f61a02 -> 
  custom:container-demuxer-ogg: 62fdf1f143b41e24485cea50d1cbac27 -> 
  custom:video-encoder-webm-vp8: eb34c28f22e8b96e1ab97ce403110664 -> 
  custom:video-decoder-webm-vp8: 9c59270c3fd7afecdb556c50c9e8de78 -> 
  custom:audio-decoder-ogg-vorbis: bf7c407c2cedff20999df2af8eb42d56 -> 
  custom:audio-encoder-webm-vorbis: bf7c407c2cedff20999df2af8eb42d56 -> 
AssetImportWorkerClient::OnTransportError - code=2 error=End of file
